<?xml version="1.0" encoding="UTF-8"?>
<!-- Generated by org.testng.reporters.JUnitReportReporter -->
<testsuite hostname="Bheemsain" failures="0" tests="7" name="com.bts.app.runners.TestRunner" time="0.382" errors="7" timestamp="2023-10-03T15:35:34 AEDT" skipped="0">
  <testcase classname="com.bts.app.runners.TestRunner" name="runScenario" time="0.209">
    <error message="Unsupported browser: ${Browser}" type="java.lang.RuntimeException">
      <![CDATA[java.lang.RuntimeException: Unsupported browser: ${Browser}
at com.bts.app.helper.DriverHelper.initDriver(DriverHelper.java:41)
at com.bts.app.utils.Hooks.launchBrowser(Hooks.java:26)
]]>
    </error>
  </testcase> <!-- runScenario -->
  <system-out/>
  <testcase classname="com.bts.app.runners.TestRunner" name="runScenario" time="0.032">
    <error message="Unsupported browser: ${Browser}" type="java.lang.RuntimeException">
      <![CDATA[java.lang.RuntimeException: Unsupported browser: ${Browser}
at com.bts.app.helper.DriverHelper.initDriver(DriverHelper.java:41)
at com.bts.app.utils.Hooks.launchBrowser(Hooks.java:26)
]]>
    </error>
  </testcase> <!-- runScenario -->
  <system-out/>
  <testcase classname="com.bts.app.runners.TestRunner" name="runScenario" time="0.050">
    <error message="Unsupported browser: ${Browser}" type="java.lang.RuntimeException">
      <![CDATA[java.lang.RuntimeException: Unsupported browser: ${Browser}
at com.bts.app.helper.DriverHelper.initDriver(DriverHelper.java:41)
at com.bts.app.utils.Hooks.launchBrowser(Hooks.java:26)
]]>
    </error>
  </testcase> <!-- runScenario -->
  <system-out/>
  <testcase classname="com.bts.app.runners.TestRunner" name="runScenario" time="0.029">
    <error message="Unsupported browser: ${Browser}" type="java.lang.RuntimeException">
      <![CDATA[java.lang.RuntimeException: Unsupported browser: ${Browser}
at com.bts.app.helper.DriverHelper.initDriver(DriverHelper.java:41)
at com.bts.app.utils.Hooks.launchBrowser(Hooks.java:26)
]]>
    </error>
  </testcase> <!-- runScenario -->
  <system-out/>
  <testcase classname="com.bts.app.runners.TestRunner" name="runScenario" time="0.019">
    <error message="Unsupported browser: ${Browser}" type="java.lang.RuntimeException">
      <![CDATA[java.lang.RuntimeException: Unsupported browser: ${Browser}
at com.bts.app.helper.DriverHelper.initDriver(DriverHelper.java:41)
at com.bts.app.utils.Hooks.launchBrowser(Hooks.java:26)
]]>
    </error>
  </testcase> <!-- runScenario -->
  <system-out/>
  <testcase classname="com.bts.app.runners.TestRunner" name="runScenario" time="0.025">
    <error message="Unsupported browser: ${Browser}" type="java.lang.RuntimeException">
      <![CDATA[java.lang.RuntimeException: Unsupported browser: ${Browser}
at com.bts.app.helper.DriverHelper.initDriver(DriverHelper.java:41)
at com.bts.app.utils.Hooks.launchBrowser(Hooks.java:26)
]]>
    </error>
  </testcase> <!-- runScenario -->
  <system-out/>
  <testcase classname="com.bts.app.runners.TestRunner" name="runScenario" time="0.018">
    <error message="Unsupported browser: ${Browser}" type="java.lang.RuntimeException">
      <![CDATA[java.lang.RuntimeException: Unsupported browser: ${Browser}
at com.bts.app.helper.DriverHelper.initDriver(DriverHelper.java:41)
at com.bts.app.utils.Hooks.launchBrowser(Hooks.java:26)
]]>
    </error>
  </testcase> <!-- runScenario -->
  <system-out/>
</testsuite> <!-- com.bts.app.runners.TestRunner -->
